Determining if the pthread_create exist failed with the following output:
Change Dir: /home/vignessh/pytorch_habana_cpu/fmod_cpp/build/CMakeFiles/CMakeTmp

Run Build Command:"/usr/bin/make" "cmTC_62724/fast"
/usr/bin/make -f CMakeFiles/cmTC_62724.dir/build.make CMakeFiles/cmTC_62724.dir/build
make[1]: Entering directory '/home/vignessh/pytorch_habana_cpu/fmod_cpp/build/CMakeFiles/CMakeTmp'
Building C object CMakeFiles/cmTC_62724.dir/CheckSymbolExists.c.o
/usr/bin/cc    -o CMakeFiles/cmTC_62724.dir/CheckSymbolExists.c.o   -c /home/vignessh/pytorch_habana_cpu/fmod_cpp/build/CMakeFiles/CMakeTmp/CheckSymbolExists.c
Linking C executable cmTC_62724
/usr/bin/cmake -E cmake_link_script CMakeFiles/cmTC_62724.dir/link.txt --verbose=1
/usr/bin/cc      -rdynamic CMakeFiles/cmTC_62724.dir/CheckSymbolExists.c.o  -o cmTC_62724 
CMakeFiles/cmTC_62724.dir/CheckSymbolExists.c.o: In function `main':
CheckSymbolExists.c:(.text+0x1b): undefined reference to `pthread_create'
collect2: error: ld returned 1 exit status
CMakeFiles/cmTC_62724.dir/build.make:97: recipe for target 'cmTC_62724' failed
make[1]: *** [cmTC_62724] Error 1
make[1]: Leaving directory '/home/vignessh/pytorch_habana_cpu/fmod_cpp/build/CMakeFiles/CMakeTmp'
Makefile:126: recipe for target 'cmTC_62724/fast' failed
make: *** [cmTC_62724/fast] Error 2

File /home/vignessh/pytorch_habana_cpu/fmod_cpp/build/CMakeFiles/CMakeTmp/CheckSymbolExists.c:
/* */
#include <pthread.h>

int main(int argc, char** argv)
{
  (void)argv;
#ifndef pthread_create
  return ((int*)(&pthread_create))[argc];
#else
  (void)argc;
  return 0;
#endif
}

Determining if the function pthread_create exists in the pthreads failed with the following output:
Change Dir: /home/vignessh/pytorch_habana_cpu/fmod_cpp/build/CMakeFiles/CMakeTmp

Run Build Command:"/usr/bin/make" "cmTC_af725/fast"
/usr/bin/make -f CMakeFiles/cmTC_af725.dir/build.make CMakeFiles/cmTC_af725.dir/build
make[1]: Entering directory '/home/vignessh/pytorch_habana_cpu/fmod_cpp/build/CMakeFiles/CMakeTmp'
Building C object CMakeFiles/cmTC_af725.dir/CheckFunctionExists.c.o
/usr/bin/cc   -DCHECK_FUNCTION_EXISTS=pthread_create   -o CMakeFiles/cmTC_af725.dir/CheckFunctionExists.c.o   -c /usr/share/cmake-3.10/Modules/CheckFunctionExists.c
Linking C executable cmTC_af725
/usr/bin/cmake -E cmake_link_script CMakeFiles/cmTC_af725.dir/link.txt --verbose=1
/usr/bin/cc  -DCHECK_FUNCTION_EXISTS=pthread_create    -rdynamic CMakeFiles/cmTC_af725.dir/CheckFunctionExists.c.o  -o cmTC_af725 -lpthreads 
/usr/bin/ld: cannot find -lpthreads
collect2: error: ld returned 1 exit status
CMakeFiles/cmTC_af725.dir/build.make:97: recipe for target 'cmTC_af725' failed
make[1]: *** [cmTC_af725] Error 1
make[1]: Leaving directory '/home/vignessh/pytorch_habana_cpu/fmod_cpp/build/CMakeFiles/CMakeTmp'
Makefile:126: recipe for target 'cmTC_af725/fast' failed
make: *** [cmTC_af725/fast] Error 2


